#
# There is insufficient memory for the Java Runtime Environment to continue.
# Native memory allocation (malloc) failed to allocate 1048576 bytes for AllocateHeap
# Possible reasons:
#   The system is out of physical RAM or swap space
#   The process is running with CompressedOops enabled, and the Java Heap may be blocking the growth of the native heap
# Possible solutions:
#   Reduce memory load on the system
#   Increase physical memory or swap space
#   Check if swap backing store is full
#   Decrease Java heap size (-Xmx/-Xms)
#   Decrease number of Java threads
#   Decrease Java thread stack sizes (-Xss)
#   Set larger code cache with -XX:ReservedCodeCacheSize=
#   JVM is running with Zero Based Compressed Oops mode in which the Java heap is
#     placed in the first 32GB address space. The Java Heap base address is the
#     maximum limit for the native heap growth. Please use -XX:HeapBaseMinAddress
#     to set the Java Heap base and to place the Java Heap above 32GB virtual address.
# This output file may be truncated or incomplete.
#
#  Out of Memory Error (./src/hotspot/share/memory/allocation.cpp:46), pid=5008, tid=18976
#
# JRE version: OpenJDK Runtime Environment Corretto-11.0.16.9.1 (11.0.16.1+9) (build 11.0.16.1+9-LTS)
# Java VM: OpenJDK 64-Bit Server VM Corretto-11.0.16.9.1 (11.0.16.1+9-LTS, mixed mode, tiered, compressed oops, g1 gc, windows-amd64)
# No core dump will be written. Minidumps are not enabled by default on client versions of Windows
#

---------------  S U M M A R Y ------------

Command Line: -ea -Dspring.profiles.active=test -Didea.test.cyclic.buffer.size=1048576 -javaagent:C:\Program Files\JetBrains\IntelliJ IDEA Community Edition 2022.2.3\lib\idea_rt.jar=50092:C:\Program Files\JetBrains\IntelliJ IDEA Community Edition 2022.2.3\bin -Dfile.encoding=UTF-8 com.intellij.rt.junit.JUnitStarter -ideVersion5 -junit5 ru.practicum.shareit.user.UserServiceImplTest,updateByNameAndReturn

Host: Intel(R) Core(TM) i5-4210U CPU @ 1.70GHz, 4 cores, 11G,  Windows 10 , 64 bit Build 19041 (10.0.19041.3155)
Time: Thu Aug 31 13:50:15 2023 RTZ 9 (s 10 , 64 bit Build 19041 (10.0.19041.3155) elapsed time: 3.653162 seconds (0d 0h 0m 3s)

---------------  T H R E A D  ---------------

Current thread (0x000001b4cd446000):  VMThread "VM Thread" [stack: 0x0000009e7f600000,0x0000009e7f700000] [id=18976]

Stack: [0x0000009e7f600000,0x0000009e7f700000]
[error occurred during error reporting (printing stack bounds), id 0xc0000005, EXCEPTION_ACCESS_VIOLATION (0xc0000005) at pc=0x000001b4b4e0112d]

Native frames: (J=compiled Java code, j=interpreted, Vv=VM code, C=native code)
V  [jvm.dll+0x61f23a]
V  [jvm.dll+0x7ac419]
V  [jvm.dll+0x7adb08]
V  [jvm.dll+0x7ae145]
V  [jvm.dll+0x7ae0fb]
V  [jvm.dll+0x61e5c7]
V  [jvm.dll+0x61ecd8]
C  [ntdll.dll+0xa23af]
C  [ntdll.dll+0x514b4]
C  [ntdll.dll+0xa0ebe]
C  0x000001b4b4e0112d

VM_Operation (0x0000009e7f0f7720): CollectForMetadataAllocation, mode: safepoint, requested by thread 0x000001b4ac6aa800


---------------  P R O C E S S  ---------------

Threads class SMR info:
_java_thread_list=0x000001b4cf2cd0f0, length=11, elements={
0x000001b4ac6aa800, 0x000001b4cdc73800, 0x000001b4cdc74800, 0x000001b4cdcd2000,
0x000001b4cdcd3000, 0x000001b4cdcd4000, 0x000001b4cd449000, 0x000001b4cd44b000,
0x000001b4cd44c800, 0x000001b4cde4f800, 0x000001b4ce04b800
}

Java Threads: ( => current thread )
  0x000001b4ac6aa800 JavaThread "main" [_thread_blocked, id=11916, stack(0x0000009e7f000000,0x0000009e7f100000)]
  0x000001b4cdc73800 JavaThread "Reference Handler" daemon [_thread_blocked, id=9020, stack(0x0000009e7f700000,0x0000009e7f800000)]
  0x000001b4cdc74800 JavaThread "Finalizer" daemon [_thread_blocked, id=5388, stack(0x0000009e7f800000,0x0000009e7f900000)]
  0x000001b4cdcd2000 JavaThread "Signal Dispatcher" daemon [_thread_blocked, id=16340, stack(0x0000009e7f900000,0x0000009e7fa00000)]
  0x000001b4cdcd3000 JavaThread "Attach Listener" daemon [_thread_blocked, id=11868, stack(0x0000009e7fa00000,0x0000009e7fb00000)]
  0x000001b4cdcd4000 JavaThread "Service Thread" daemon [_thread_blocked, id=11940, stack(0x0000009e7fb00000,0x0000009e7fc00000)]
  0x000001b4cd449000 JavaThread "C2 CompilerThread0" daemon [_thread_blocked, id=16708, stack(0x0000009e7fc00000,0x0000009e7fd00000)]
  0x000001b4cd44b000 JavaThread "C1 CompilerThread0" daemon [_thread_blocked, id=21608, stack(0x0000009e7fd00000,0x0000009e7fe00000)]
  0x000001b4cd44c800 JavaThread "Sweeper thread" daemon [_thread_blocked, id=21012, stack(0x0000009e7fe00000,0x0000009e7ff00000)]
  0x000001b4cde4f800 JavaThread "Common-Cleaner" daemon [_thread_blocked, id=9400, stack(0x0000009e7ff00000,0x0000009e80000000)]
  0x000001b4ce04b800 JavaThread "Monitor Ctrl-Break" daemon [_thread_in_native, id=20876, stack(0x0000009e00000000,0x0000009e00100000)]

Other Threads:
=>0x000001b4cd446000 VMThread "VM Thread" [stack: 0x0000009e7f600000,0x0000009e7f700000] [id=18976]
  0x000001b4ce04c800 WatcherThread [stack: 0x0000009e00100000,0x0000009e00200000] [id=7356]
  0x000001b4ac6c2800 GCTaskThread "GC Thread#0" [stack: 0x0000009e7f100000,0x0000009e7f200000] [id=19392]
  0x000001b4ce777800 GCTaskThread "GC Thread#1" [stack: 0x0000009e00200000,0x0000009e00300000] [id=10948]
  0x000001b4ce77c800 GCTaskThread "GC Thread#2" [stack: 0x0000009e00300000,0x0000009e00400000] [id=22108]
  0x000001b4ce77b000 GCTaskThread "GC Thread#3" [stack: 0x0000009e00400000,0x0000009e00500000] [id=20512]
  0x000001b4ac708800 ConcurrentGCThread "G1 Main Marker" [stack: 0x0000009e7f200000,0x0000009e7f300000] [id=16660]
  0x000001b4ac70b000 ConcurrentGCThread "G1 Conc#0" [stack: 0x0000009e7f300000,0x0000009e7f400000] [id=21948]
  0x000001b4ac77e000 ConcurrentGCThread "G1 Refine#0" [stack: 0x0000009e7f400000,0x0000009e7f500000] [id=8976]
  0x000001b4cd2af000 ConcurrentGCThread "G1 Young RemSet Sampling" [stack: 0x0000009e7f500000,0x0000009e7f600000] [id=16852]

Threads with active compile tasks:
C2 CompilerThread0     4301 1422       4       jdk.internal.loader.URLClassPath::getResource (74 bytes)

VM state:at safepoint (normal execution)

VM Mutex/Monitor currently owned by a thread:  ([mutex/lock_event])
[0x000001b4ac6a6cd0] Threads_lock - owner thread: 0x000001b4cd446000
[0x000001b4ac6a5c80] Heap_lock - owner thread: 0x000001b4ac6aa800

Heap address: 0x0000000741c00000, size: 3044 MB, Compressed Oops mode: Zero based, Oop shift amount: 3
Narrow klass base: 0x0000000800000000, Narrow klass shift: 0
Compressed class space size: 1073741824 Address: 0x0000000800000000

Heap:
 garbage-first heap   total 196608K, used 8600K [0x0000000741c00000, 0x0000000800000000)
  region size 1024K, 2 young (2048K), 2 survivors (2048K)
 Metaspace       used 15864K, capacity 16443K, committed 16512K, reserved 1075200K
  class space    used 1894K, capacity 2110K, committed 2176K, reserved 1048576K
Heap Regions: E=young(eden), S=young(survivor), O=old, HS=humongous(starts), HC=humongous(continues), CS=collection set, F=free, A=archive, TAMS=top-at-mark-start (previous, next)
|   0|0x0000000741c00000, 0x0000000741d00000, 0x0000000741d00000|100%|HS|  |TAMS 0x0000000741c00000, 0x0000000741d00000| Complete 
|   1|0x0000000741d00000, 0x0000000741e00000, 0x0000000741e00000|100%| O|  |TAMS 0x0000000741d00000, 0x0000000741e00000| Untracked 
|   2|0x0000000741e00000, 0x0000000741f00000, 0x0000000741f00000|100%| O|  |TAMS 0x0000000741e00000, 0x0000000741f00000| Untracked 
|   3|0x0000000741f00000, 0x0000000742000000, 0x0000000742000000|100%| O|  |TAMS 0x0000000741f00000, 0x0000000742000000| Untracked 
|   4|0x0000000742000000, 0x0000000742100000, 0x0000000742100000|100%| O|  |TAMS 0x0000000742000000, 0x0000000742100000| Untracked 
|   5|0x0000000742100000, 0x0000000742200000, 0x0000000742200000|100%| O|  |TAMS 0x0000000742100000, 0x0000000742200000| Untracked 
|   6|0x0000000742200000, 0x0000000742300000, 0x0000000742300000|100%| O|  |TAMS 0x0000000742200000, 0x0000000742300000| Untracked 
|   7|0x0000000742300000, 0x000000074231cc00, 0x0000000742400000| 11%| O|  |TAMS 0x0000000742300000, 0x000000074231cc00| Untracked 
|   8|0x0000000742400000, 0x0000000742400000, 0x0000000742500000|  0%| F|  |TAMS 0x0000000742400000, 0x0000000742400000| Untracked 
|   9|0x0000000742500000, 0x0000000742500000, 0x0000000742600000|  0%| F|  |TAMS 0x0000000742500000, 0x0000000742500000| Untracked 
|  10|0x0000000742600000, 0x0000000742600000, 0x0000000742700000|  0%| F|  |TAMS 0x0000000742600000, 0x0000000742600000| Untracked 
|  11|0x0000000742700000, 0x0000000742700000, 0x0000000742800000|  0%| F|  |TAMS 0x0000000742700000, 0x0000000742700000| Untracked 
|  12|0x0000000742800000, 0x0000000742800000, 0x0000000742900000|  0%| F|  |TAMS 0x0000000742800000, 0x0000000742800000| Untracked 
|  13|0x0000000742900000, 0x0000000742900000, 0x0000000742a00000|  0%| F|  |TAMS 0x0000000742900000, 0x0000000742900000| Untracked 
|  14|0x0000000742a00000, 0x0000000742a00000, 0x0000000742b00000|  0%| F|  |TAMS 0x0000000742a00000, 0x0000000742a00000| Untracked 
|  15|0x0000000742b00000, 0x0000000742b00000, 0x0000000742c00000|  0%| F|  |TAMS 0x0000000742b00000, 0x0000000742b00000| Untracked 
|  16|0x0000000742c00000, 0x0000000742c00000, 0x0000000742d00000|  0%| F|  |TAMS 0x0000000742c00000, 0x0000000742c00000| Untracked 
|  17|0x0000000742d00000, 0x0000000742d00000, 0x0000000742e00000|  0%| F|  |TAMS 0x0000000742d00000, 0x0000000742d00000| Untracked 
|  18|0x0000000742e00000, 0x0000000742e00000, 0x0000000742f00000|  0%| F|  |TAMS 0x0000000742e00000, 0x0000000742e00000| Untracked 
|  19|0x0000000742f00000, 0x0000000742f00000, 0x0000000743000000|  0%| F|  |TAMS 0x0000000742f00000, 0x0000000742f00000| Untracked 
|  20|0x0000000743000000, 0x0000000743000000, 0x0000000743100000|  0%| F|  |TAMS 0x0000000743000000, 0x0000000743000000| Untracked 
|  21|0x0000000743100000, 0x0000000743100000, 0x0000000743200000|  0%| F|  |TAMS 0x0000000743100000, 0x0000000743100000| Untracked 
|  22|0x0000000743200000, 0x0000000743200000, 0x0000000743300000|  0%| F|  |TAMS 0x0000000743200000, 0x0000000743200000| Untracked 
|  23|0x0000000743300000, 0x0000000743300000, 0x0000000743400000|  0%| F|  |TAMS 0x0000000743300000, 0x0000000743300000| Untracked 
|  24|0x0000000743400000, 0x0000000743400000, 0x0000000743500000|  0%| F|  |TAMS 0x0000000743400000, 0x0000000743400000| Untracked 
|  25|0x0000000743500000, 0x0000000743500000, 0x0000000743600000|  0%| F|  |TAMS 0x0000000743500000, 0x0000000743500000| Untracked 
|  26|0x0000000743600000, 0x0000000743600000, 0x0000000743700000|  0%| F|  |TAMS 0x0000000743600000, 0x0000000743600000| Untracked 
|  27|0x0000000743700000, 0x0000000743700000, 0x0000000743800000|  0%| F|  |TAMS 0x0000000743700000, 0x0000000743700000| Untracked 
|  28|0x0000000743800000, 0x0000000743800000, 0x0000000743900000|  0%| F|  |TAMS 0x0000000743800000, 0x0000000743800000| Untracked 
|  29|0x0000000743900000, 0x0000000743900000, 0x0000000743a00000|  0%| F|  |TAMS 0x0000000743900000, 0x0000000743900000| Untracked 
|  30|0x0000000743a00000, 0x0000000743a00000, 0x0000000743b00000|  0%| F|  |TAMS 0x0000000743a00000, 0x0000000743a00000| Untracked 
|  31|0x0000000743b00000, 0x0000000743b00000, 0x0000000743c00000|  0%| F|  |TAMS 0x0000000743b00000, 0x0000000743b00000| Untracked 
|  32|0x0000000743c00000, 0x0000000743c00000, 0x0000000743d00000|  0%| F|  |TAMS 0x0000000743c00000, 0x0000000743c00000| Untracked 
|  33|0x0000000743d00000, 0x0000000743d00000, 0x0000000743e00000|  0%| F|  |TAMS 0x0000000743d00000, 0x0000000743d00000| Untracked 
|  34|0x0000000743e00000, 0x0000000743e00000, 0x0000000743f00000|  0%| F|  |TAMS 0x0000000743e00000, 0x0000000743e00000| Untracked 
|  35|0x0000000743f00000, 0x0000000743f00000, 0x0000000744000000|  0%| F|  |TAMS 0x0000000743f00000, 0x0000000743f00000| Untracked 
|  36|0x0000000744000000, 0x0000000744000000, 0x0000000744100000|  0%| F|  |TAMS 0x0000000744000000, 0x0000000744000000| Untracked 
|  37|0x0000000744100000, 0x0000000744100000, 0x0000000744200000|  0%| F|  |TAMS 0x0000000744100000, 0x0000000744100000| Untracked 
|  38|0x0000000744200000, 0x0000000744200000, 0x0000000744300000|  0%| F|  |TAMS 0x0000000744200000, 0x0000000744200000| Untracked 
|  39|0x0000000744300000, 0x0000000744300000, 0x0000000744400000|  0%| F|  |TAMS 0x0000000744300000, 0x0000000744300000| Untracked 
|  40|0x0000000744400000, 0x0000000744400000, 0x0000000744500000|  0%| F|  |TAMS 0x0000000744400000, 0x0000000744400000| Untracked 
|  41|0x0000000744500000, 0x0000000744500000, 0x0000000744600000|  0%| F|  |TAMS 0x0000000744500000, 0x0000000744500000| Untracked 
|  42|0x0000000744600000, 0x0000000744600000, 0x0000000744700000|  0%| F|  |TAMS 0x0000000744600000, 0x0000000744600000| Untracked 
|  43|0x0000000744700000, 0x0000000744700000, 0x0000000744800000|  0%| F|  |TAMS 0x0000000744700000, 0x0000000744700000| Untracked 
|  44|0x0000000744800000, 0x0000000744800000, 0x0000000744900000|  0%| F|  |TAMS 0x0000000744800000, 0x0000000744800000| Untracked 
|  45|0x0000000744900000, 0x0000000744900000, 0x0000000744a00000|  0%| F|  |TAMS 0x0000000744900000, 0x0000000744900000| Untracked 
|  46|0x0000000744a00000, 0x0000000744a00000, 0x0000000744b00000|  0%| F|  |TAMS 0x0000000744a00000, 0x0000000744a00000| Untracked 
|  47|0x0000000744b00000, 0x0000000744b00000, 0x0000000744c00000|  0%| F|  |TAMS 0x0000000744b00000, 0x0000000744b00000| Untracked 
|  48|0x0000000744c00000, 0x0000000744c00000, 0x0000000744d00000|  0%| F|  |TAMS 0x0000000744c00000, 0x0000000744c00000| Untracked 
|  49|0x0000000744d00000, 0x0000000744d00000, 0x0000000744e00000|  0%| F|  |TAMS 0x0000000744d00000, 0x0000000744d00000| Untracked 
|  50|0x0000000744e00000, 0x0000000744e00000, 0x0000000744f00000|  0%| F|  |TAMS 0x0000000744e00000, 0x0000000744e00000| Untracked 
|  51|0x0000000744f00000, 0x0000000744f00000, 0x0000000745000000|  0%| F|  |TAMS 0x0000000744f00000, 0x0000000744f00000| Untracked 
|  52|0x0000000745000000, 0x0000000745000000, 0x0000000745100000|  0%| F|  |TAMS 0x0000000745000000, 0x0000000745000000| Untracked 
|  53|0x0000000745100000, 0x0000000745100000, 0x0000000745200000|  0%| F|  |TAMS 0x0000000745100000, 0x0000000745100000| Untracked 
|  54|0x0000000745200000, 0x0000000745200000, 0x0000000745300000|  0%| F|  |TAMS 0x0000000745200000, 0x0000000745200000| Untracked 
|  55|0x0000000745300000, 0x0000000745300000, 0x0000000745400000|  0%| F|  |TAMS 0x0000000745300000, 0x0000000745300000| Untracked 
|  56|0x0000000745400000, 0x0000000745400000, 0x0000000745500000|  0%| F|  |TAMS 0x0000000745400000, 0x0000000745400000| Untracked 
|  57|0x0000000745500000, 0x0000000745500000, 0x0000000745600000|  0%| F|  |TAMS 0x0000000745500000, 0x0000000745500000| Untracked 
|  58|0x0000000745600000, 0x0000000745600000, 0x0000000745700000|  0%| F|  |TAMS 0x0000000745600000, 0x0000000745600000| Untracked 
|  59|0x0000000745700000, 0x0000000745700000, 0x0000000745800000|  0%| F|  |TAMS 0x0000000745700000, 0x0000000745700000| Untracked 
|  60|0x0000000745800000, 0x0000000745800000, 0x0000000745900000|  0%| F|  |TAMS 0x0000000745800000, 0x0000000745800000| Untracked 
|  61|0x0000000745900000, 0x0000000745900000, 0x0000000745a00000|  0%| F|  |TAMS 0x0000000745900000, 0x0000000745900000| Untracked 
|  62|0x0000000745a00000, 0x0000000745a00000, 0x0000000745b00000|  0%| F|  |TAMS 0x0000000745a00000, 0x0000000745a00000| Untracked 
|  63|0x0000000745b00000, 0x0000000745b00000, 0x0000000745c00000|  0%| F|  |TAMS 0x0000000745b00000, 0x0000000745b00000| Untracked 
|  64|0x0000000745c00000, 0x0000000745c00000, 0x0000000745d00000|  0%| F|  |TAMS 0x0000000745c00000, 0x0000000745c00000| Untracked 
|  65|0x0000000745d00000, 0x0000000745d00000, 0x0000000745e00000|  0%| F|  |TAMS 0x0000000745d00000, 0x0000000745d00000| Untracked 
|  66|0x0000000745e00000, 0x0000000745e00000, 0x0000000745f00000|  0%| F|  |TAMS 0x0000000745e00000, 0x0000000745e00000| Untracked 
|  67|0x0000000745f00000, 0x0000000745f00000, 0x0000000746000000|  0%| F|  |TAMS 0x0000000745f00000, 0x0000000745f00000| Untracked 
|  68|0x0000000746000000, 0x0000000746000000, 0x0000000746100000|  0%| F|  |TAMS 0x0000000746000000, 0x0000000746000000| Untracked 
|  69|0x0000000746100000, 0x0000000746100000, 0x0000000746200000|  0%| F|  |TAMS 0x0000000746100000, 0x0000000746100000| Untracked 
|  70|0x0000000746200000, 0x0000000746200000, 0x0000000746300000|  0%| F|  |TAMS 0x0000000746200000, 0x0000000746200000| Untracked 
|  71|0x0000000746300000, 0x0000000746300000, 0x0000000746400000|  0%| F|  |TAMS 0x0000000746300000, 0x0000000746300000| Untracked 
|  72|0x0000000746400000, 0x0000000746400000, 0x0000000746500000|  0%| F|  |TAMS 0x0000000746400000, 0x0000000746400000| Untracked 
|  73|0x0000000746500000, 0x0000000746500000, 0x0000000746600000|  0%| F|  |TAMS 0x0000000746500000, 0x0000000746500000| Untracked 
|  74|0x0000000746600000, 0x0000000746600000, 0x0000000746700000|  0%| F|  |TAMS 0x0000000746600000, 0x0000000746600000| Untracked 
|  75|0x0000000746700000, 0x0000000746700000, 0x0000000746800000|  0%| F|  |TAMS 0x0000000746700000, 0x0000000746700000| Untracked 
|  76|0x0000000746800000, 0x0000000746800000, 0x0000000746900000|  0%| F|  |TAMS 0x0000000746800000, 0x0000000746800000| Untracked 
|  77|0x0000000746900000, 0x0000000746900000, 0x0000000746a00000|  0%| F|  |TAMS 0x0000000746900000, 0x0000000746900000| Untracked 
|  78|0x0000000746a00000, 0x0000000746a00000, 0x0000000746b00000|  0%| F|  |TAMS 0x0000000746a00000, 0x0000000746a00000| Untracked 
|  79|0x0000000746b00000, 0x0000000746b00000, 0x0000000746c00000|  0%| F|  |TAMS 0x0000000746b00000, 0x0000000746b00000| Untracked 
|  80|0x0000000746c00000, 0x0000000746c00000, 0x0000000746d00000|  0%| F|  |TAMS 0x0000000746c00000, 0x0000000746c00000| Untracked 
|  81|0x0000000746d00000, 0x0000000746d00000, 0x0000000746e00000|  0%| F|  |TAMS 0x0000000746d00000, 0x0000000746d00000| Untracked 
|  82|0x0000000746e00000, 0x0000000746e00000, 0x0000000746f00000|  0%| F|  |TAMS 0x0000000746e00000, 0x0000000746e00000| Untracked 
|  83|0x0000000746f00000, 0x0000000746f00000, 0x0000000747000000|  0%| F|  |TAMS 0x0000000746f00000, 0x0000000746f00000| Untracked 
|  84|0x0000000747000000, 0x0000000747000000, 0x0000000747100000|  0%| F|  |TAMS 0x0000000747000000, 0x0000000747000000| Untracked 
|  85|0x0000000747100000, 0x0000000747100000, 0x0000000747200000|  0%| F|  |TAMS 0x0000000747100000, 0x0000000747100000| Untracked 
|  86|0x0000000747200000, 0x0000000747200000, 0x0000000747300000|  0%| F|  |TAMS 0x0000000747200000, 0x0000000747200000| Untracked 
|  87|0x0000000747300000, 0x0000000747300000, 0x0000000747400000|  0%| F|  |TAMS 0x0000000747300000, 0x0000000747300000| Untracked 
|  88|0x0000000747400000, 0x0000000747400000, 0x0000000747500000|  0%| F|  |TAMS 0x0000000747400000, 0x0000000747400000| Untracked 
|  89|0x0000000747500000, 0x0000000747500000, 0x0000000747600000|  0%| F|  |TAMS 0x0000000747500000, 0x0000000747500000| Untracked 
|  90|0x0000000747600000, 0x0000000747600000, 0x0000000747700000|  0%| F|  |TAMS 0x0000000747600000, 0x0000000747600000| Untracked 
|  91|0x0000000747700000, 0x0000000747700000, 0x0000000747800000|  0%| F|  |TAMS 0x0000000747700000, 0x0000000747700000| Untracked 
|  92|0x0000000747800000, 0x0000000747800000, 0x0000000747900000|  0%| F|  |TAMS 0x0000000747800000, 0x0000000747800000| Untracked 
|  93|0x0000000747900000, 0x0000000747900000, 0x0000000747a00000|  0%| F|  |TAMS 0x0000000747900000, 0x0000000747900000| Untracked 
|  94|0x0000000747a00000, 0x0000000747a00000, 0x0000000747b00000|  0%| F|  |TAMS 0x0000000747a00000, 0x0000000747a00000| Untracked 
|  95|0x0000000747b00000, 0x0000000747b00000, 0x0000000747c00000|  0%| F|  |TAMS 0x0000000747b00000, 0x0000000747b00000| Untracked 
|  96|0x0000000747c00000, 0x0000000747c00000, 0x0000000747d00000|  0%| F|  |TAMS 0x0000000747c00000, 0x0000000747c00000| Untracked 
|  97|0x0000000747d00000, 0x0000000747d00000, 0x0000000747e00000|  0%| F|  |TAMS 0x0000000747d00000, 0x0000000747d00000| Untracked 
|  98|0x0000000747e00000, 0x0000000747e00000, 0x0000000747f00000|  0%| F|  |TAMS 0x0000000747e00000, 0x0000000747e00000| Untracked 
|  99|0x0000000747f00000, 0x0000000747f00000, 0x0000000748000000|  0%| F|  |TAMS 0x0000000747f00000, 0x0000000747f00000| Untracked 
| 100|0x0000000748000000, 0x0000000748000000, 0x0000000748100000|  0%| F|  |TAMS 0x0000000748000000, 0x0000000748000000| Untracked 
| 101|0x0000000748100000, 0x0000000748100000, 0x0000000748200000|  0%| F|  |TAMS 0x0000000748100000, 0x0000000748100000| Untracked 
| 102|0x0000000748200000, 0x0000000748200000, 0x0000000748300000|  0%| F|  |TAMS 0x0000000748200000, 0x0000000748200000| Untracked 
| 103|0x0000000748300000, 0x0000000748300000, 0x0000000748400000|  0%| F|  |TAMS 0x0000000748300000, 0x0000000748300000| Untracked 
| 104|0x0000000748400000, 0x0000000748400000, 0x0000000748500000|  0%| F|  |TAMS 0x0000000748400000, 0x0000000748400000| Untracked 
| 105|0x0000000748500000, 0x0000000748500000, 0x0000000748600000|  0%| F|  |TAMS 0x0000000748500000, 0x0000000748500000| Untracked 
| 106|0x0000000748600000, 0x0000000748600000, 0x0000000748700000|  0%| F|  |TAMS 0x0000000748600000, 0x0000000748600000| Untracked 
| 107|0x0000000748700000, 0x0000000748700000, 0x0000000748800000|  0%| F|  |TAMS 0x0000000748700000, 0x0000000748700000| Untracked 
| 108|0x0000000748800000, 0x0000000748800000, 0x0000000748900000|  0%| F|  |TAMS 0x0000000748800000, 0x0000000748800000| Untracked 
| 109|0x0000000748900000, 0x0000000748900000, 0x0000000748a00000|  0%| F|  |TAMS 0x0000000748900000, 0x0000000748900000| Untracked 
| 110|0x0000000748a00000, 0x0000000748a00000, 0x0000000748b00000|  0%| F|  |TAMS 0x0000000748a00000, 0x0000000748a00000| Untracked 
| 111|0x0000000748b00000, 0x0000000748b00000, 0x0000000748c00000|  0%| F|  |TAMS 0x0000000748b00000, 0x0000000748b00000| Untracked 
| 112|0x0000000748c00000, 0x0000000748c00000, 0x0000000748d00000|  0%| F|  |TAMS 0x0000000748c00000, 0x0000000748c00000| Untracked 
| 113|0x0000000748d00000, 0x0000000748d00000, 0x0000000748e00000|  0%| F|  |TAMS 0x0000000748d00000, 0x0000000748d00000| Untracked 
| 114|0x0000000748e00000, 0x0000000748e00000, 0x0000000748f00000|  0%| F|  |TAMS 0x0000000748e00000, 0x0000000748e00000| Untracked 
| 115|0x0000000748f00000, 0x0000000748f00000, 0x0000000749000000|  0%| F|  |TAMS 0x0000000748f00000, 0x0000000748f00000| Untracked 
| 116|0x0000000749000000, 0x0000000749000000, 0x0000000749100000|  0%| F|  |TAMS 0x0000000749000000, 0x0000000749000000| Untracked 
| 117|0x0000000749100000, 0x0000000749100000, 0x0000000749200000|  0%| F|  |TAMS 0x0000000749100000, 0x0000000749100000| Untracked 
| 118|0x0000000749200000, 0x0000000749200000, 0x0000000749300000|  0%| F|  |TAMS 0x0000000749200000, 0x0000000749200000| Untracked 
| 119|0x0000000749300000, 0x0000000749300000, 0x0000000749400000|  0%| F|  |TAMS 0x0000000749300000, 0x0000000749300000| Untracked 
| 120|0x0000000749400000, 0x0000000749400000, 0x0000000749500000|  0%| F|  |TAMS 0x0000000749400000, 0x0000000749400000| Untracked 
| 121|0x0000000749500000, 0x0000000749500000, 0x0000000749600000|  0%| F|  |TAMS 0x0000000749500000, 0x0000000749500000| Untracked 
| 122|0x0000000749600000, 0x0000000749600000, 0x0000000749700000|  0%| F|  |TAMS 0x0000000749600000, 0x0000000749600000| Untracked 
| 123|0x0000000749700000, 0x0000000749700000, 0x0000000749800000|  0%| F|  |TAMS 0x0000000749700000, 0x0000000749700000| Untracked 
| 124|0x0000000749800000, 0x0000000749800000, 0x0000000749900000|  0%| F|  |TAMS 0x0000000749800000, 0x0000000749800000| Untracked 
| 125|0x0000000749900000, 0x0000000749900000, 0x0000000749a00000|  0%| F|  |TAMS 0x0000000749900000, 0x0000000749900000| Untracked 
| 126|0x0000000749a00000, 0x0000000749a00000, 0x0000000749b00000|  0%| F|  |TAMS 0x0000000749a00000, 0x0000000749a00000| Untracked 
| 127|0x0000000749b00000, 0x0000000749b00000, 0x0000000749c00000|  0%| F|  |TAMS 0x0000000749b00000, 0x0000000749b00000| Untracked 
| 128|0x0000000749c00000, 0x0000000749c00000, 0x0000000749d00000|  0%| F|  |TAMS 0x0000000749c00000, 0x0000000749c00000| Untracked 
| 129|0x0000000749d00000, 0x0000000749d00000, 0x0000000749e00000|  0%| F|  |TAMS 0x0000000749d00000, 0x0000000749d00000| Untracked 
| 130|0x0000000749e00000, 0x0000000749e00000, 0x0000000749f00000|  0%| F|  |TAMS 0x0000000749e00000, 0x0000000749e00000| Untracked 
| 131|0x0000000749f00000, 0x0000000749f00000, 0x000000074a000000|  0%| F|  |TAMS 0x0000000749f00000, 0x0000000749f00000| Untracked 
| 132|0x000000074a000000, 0x000000074a000000, 0x000000074a100000|  0%| F|  |TAMS 0x000000074a000000, 0x000000074a000000| Untracked 
| 133|0x000000074a100000, 0x000000074a100000, 0x000000074a200000|  0%| F|  |TAMS 0x000000074a100000, 0x000000074a100000| Untracked 
| 134|0x000000074a200000, 0x000000074a200000, 0x000000074a300000|  0%| F|  |TAMS 0x000000074a200000, 0x000000074a200000| Untracked 
| 135|0x000000074a300000, 0x000000074a300000, 0x000000074a400000|  0%| F|  |TAMS 0x000000074a300000, 0x000000074a300000| Untracked 
| 136|0x000000074a400000, 0x000000074a400000, 0x000000074a500000|  0%| F|  |TAMS 0x000000074a400000, 0x000000074a400000| Untracked 
| 137|0x000000074a500000, 0x000000074a500000, 0x000000074a600000|  0%| F|  |TAMS 0x000000074a500000, 0x000000074a500000| Untracked 
| 138|0x000000074a600000, 0x000000074a600000, 0x000000074a700000|  0%| F|  |TAMS 0x000000074a600000, 0x000000074a600000| Untracked 
| 139|0x000000074a700000, 0x000000074a700000, 0x000000074a800000|  0%| F|  |TAMS 0x000000074a700000, 0x000000074a700000| Untracked 
| 140|0x000000074a800000, 0x000000074a800000, 0x000000074a900000|  0%| F|  |TAMS 0x000000074a800000, 0x000000074a800000| Untracked 
| 141|0x000000074a900000, 0x000000074a900000, 0x000000074aa00000|  0%| F|  |TAMS 0x000000074a900000, 0x000000074a900000| Untracked 
| 142|0x000000074aa00000, 0x000000074aa00000, 0x000000074ab00000|  0%| F|  |TAMS 0x000000074aa00000, 0x000000074aa00000| Untracked 
| 143|0x000000074ab00000, 0x000000074ab00000, 0x000000074ac00000|  0%| F|  |TAMS 0x000000074ab00000, 0x000000074ab00000| Untracked 
| 144|0x000000074ac00000, 0x000000074ac00000, 0x000000074ad00000|  0%| F|  |TAMS 0x000000074ac00000, 0x000000074ac00000| Untracked 
| 145|0x000000074ad00000, 0x000000074ad00000, 0x000000074ae00000|  0%| F|  |TAMS 0x000000074ad00000, 0x000000074ad00000| Untracked 
| 146|0x000000074ae00000, 0x000000074ae00000, 0x000000074af00000|  0%| F|  |TAMS 0x000000074ae00000, 0x000000074ae00000| Untracked 
| 147|0x000000074af00000, 0x000000074af00000, 0x000000074b000000|  0%| F|  |TAMS 0x000000074af00000, 0x000000074af00000| Untracked 
| 148|0x000000074b000000, 0x000000074b000000, 0x000000074b100000|  0%| F|  |TAMS 0x000000074b000000, 0x000000074b000000| Untracked 
| 149|0x000000074b100000, 0x000000074b100000, 0x000000074b200000|  0%| F|  |TAMS 0x000000074b100000, 0x000000074b100000| Untracked 
| 150|0x000000074b200000, 0x000000074b200000, 0x000000074b300000|  0%| F|  |TAMS 0x000000074b200000, 0x000000074b200000| Untracked 
| 151|0x000000074b300000, 0x000000074b300000, 0x000000074b400000|  0%| F|  |TAMS 0x000000074b300000, 0x000000074b300000| Untracked 
| 152|0x000000074b400000, 0x000000074b400000, 0x000000074b500000|  0%| F|  |TAMS 0x000000074b400000, 0x000000074b400000| Untracked 
| 153|0x000000074b500000, 0x000000074b500000, 0x000000074b600000|  0%| F|  |TAMS 0x000000074b500000, 0x000000074b500000| Untracked 
| 154|0x000000074b600000, 0x000000074b600000, 0x000000074b700000|  0%| F|  |TAMS 0x000000074b600000, 0x000000074b600000| Untracked 
| 155|0x000000074b700000, 0x000000074b700000, 0x000000074b800000|  0%| F|  |TAMS 0x000000074b700000, 0x000000074b700000| Untracked 
| 156|0x000000074b800000, 0x000000074b800000, 0x000000074b900000|  0%| F|  |TAMS 0x000000074b800000, 0x000000074b800000| Untracked 
| 157|0x000000074b900000, 0x000000074b900000, 0x000000074ba00000|  0%| F|  |TAMS 0x000000074b900000, 0x000000074b900000| Untracked 
| 158|0x000000074ba00000, 0x000000074ba00000, 0x000000074bb00000|  0%| F|  |TAMS 0x000000074ba00000, 0x000000074ba00000| Untracked 
| 159|0x000000074bb00000, 0x000000074bb00000, 0x000000074bc00000|  0%| F|  |TAMS 0x000000074bb00000, 0x000000074bb00000| Untracked 
| 160|0x000000074bc00000, 0x000000074bc00000, 0x000000074bd00000|  0%| F|  |TAMS 0x000000074bc00000, 0x000000074bc00000| Untracked 
| 161|0x000000074bd00000, 0x000000074bd00000, 0x000000074be00000|  0%| F|  |TAMS 0x000000074bd00000, 0x000000074bd00000| Untracked 
| 162|0x000000074be00000, 0x000000074be00000, 0x000000074bf00000|  0%| F|  |TAMS 0x000000074be00000, 0x000000074be00000| Untracked 
| 163|0x000000074bf00000, 0x000000074bf00000, 0x000000074c000000|  0%| F|  |TAMS 0x000000074bf00000, 0x000000074bf00000| Untracked 
| 164|0x000000074c000000, 0x000000074c000000, 0x000000074c100000|  0%| F|  |TAMS 0x000000074c000000, 0x000000074c000000| Untracked 
| 165|0x000000074c100000, 0x000000074c100000, 0x000000074c200000|  0%| F|  |TAMS 0x000000074c100000, 0x000000074c100000| Untracked 
| 166|0x000000074c200000, 0x000000074c200000, 0x000000074c300000|  0%| F|  |TAMS 0x000000074c200000, 0x000000074c200000| Untracked 
| 167|0x000000074c300000, 0x000000074c300000, 0x000000074c400000|  0%| F|  |TAMS 0x000000074c300000, 0x000000074c300000| Untracked 
| 168|0x000000074c400000, 0x000000074c400000, 0x000000074c500000|  0%| F|  |TAMS 0x000000074c400000, 0x000000074c400000| Untracked 
| 169|0x000000074c500000, 0x000000074c500000, 0x000000074c600000|  0%| F|  |TAMS 0x000000074c500000, 0x000000074c500000| Untracked 
| 170|0x000000074c600000, 0x000000074c600000, 0x000000074c700000|  0%| F|  |TAMS 0x000000074c600000, 0x000000074c600000| Untracked 
| 171|0x000000074c700000, 0x000000074c700000, 0x000000074c800000|  0%| F|  |TAMS 0x000000074c700000, 0x000000074c700000| Untracked 
| 172|0x000000074c800000, 0x000000074c800000, 0x000000074c900000|  0%| F|  |TAMS 0x000000074c800000, 0x000000074c800000| Untracked 
| 173|0x000000074c900000, 0x000000074c900000, 0x000000074ca00000|  0%| F|  |TAMS 0x000000074c900000, 0x000000074c900000| Untracked 
| 174|0x000000074ca00000, 0x000000074ca00000, 0x000000074cb00000|  0%| F|  |TAMS 0x000000074ca00000, 0x000000074ca00000| Untracked 
| 175|0x000000074cb00000, 0x000000074cb00000, 0x000000074cc00000|  0%| F|  |TAMS 0x000000074cb00000, 0x000000074cb00000| Untracked 
| 176|0x000000074cc00000, 0x000000074cc00000, 0x000000074cd00000|  0%| F|  |TAMS 0x000000074cc00000, 0x000000074cc00000| Untracked 
| 177|0x000000074cd00000, 0x000000074cd00000, 0x000000074ce00000|  0%| F|  |TAMS 0x000000074cd00000, 0x000000074cd00000| Untracked 
| 178|0x000000074ce00000, 0x000000074ce00000, 0x000000074cf00000|  0%| F|  |TAMS 0x000000074ce00000, 0x000000074ce00000| Untracked 
| 179|0x000000074cf00000, 0x000000074cf00000, 0x000000074d000000|  0%| F|  |TAMS 0x000000074cf00000, 0x000000074cf00000| Untracked 
| 180|0x000000074d000000, 0x000000074d000000, 0x000000074d100000|  0%| F|  |TAMS 0x000000074d000000, 0x000000074d000000| Untracked 
| 181|0x000000074d100000, 0x000000074d100000, 0x000000074d200000|  0%| F|  |TAMS 0x000000074d100000, 0x000000074d100000| Untracked 
| 182|0x000000074d200000, 0x000000074d200000, 0x000000074d300000|  0%| F|  |TAMS 0x000000074d200000, 0x000000074d200000| Untracked 
| 183|0x000000074d300000, 0x000000074d300000, 0x000000074d400000|  0%| F|  |TAMS 0x000000074d300000, 0x000000074d300000| Untracked 
| 184|0x000000074d400000, 0x000000074d400000, 0x000000074d500000|  0%| F|  |TAMS 0x000000074d400000, 0x000000074d400000| Untracked 
| 185|0x000000074d500000, 0x000000074d500000, 0x000000074d600000|  0%| F|  |TAMS 0x000000074d500000, 0x000000074d500000| Untracked 
| 186|0x000000074d600000, 0x000000074d600000, 0x000000074d700000|  0%| F|  |TAMS 0x000000074d600000, 0x000000074d600000| Untracked 
| 187|0x000000074d700000, 0x000000074d7494a0, 0x000000074d800000| 28%| S|CS|TAMS 0x000000074d700000, 0x000000074d700000| Complete 
| 188|0x000000074d800000, 0x000000074d900000, 0x000000074d900000|100%| S|CS|TAMS 0x000000074d800000, 0x000000074d800000| Complete 
| 189|0x000000074d900000, 0x000000074d900000, 0x000000074da00000|  0%| F|  |TAMS 0x000000074d900000, 0x000000074d900000| Untracked 
| 190|0x000000074da00000, 0x000000074da00000, 0x000000074db00000|  0%| F|  |TAMS 0x000000074da00000, 0x000000074da00000| Untracked 
| 191|0x000000074db00000, 0x000000074db00000, 0x000000074dc00000|  0%| F|  |TAMS 0x000000074db00000, 0x000000074db00000| Untracked 

Card table byte_map: [0x000001b4c4400000,0x000001b4c4a00000] _byte_map_base: 0x000001b4c09f2000

Marking Bits (Prev, Next): (CMBitMap*) 0x000001b4ac6fbf48, (CMBitMap*) 0x000001b4ac6fbf80
 Prev Bits: [0x000001b4c5000000, 0x000001b4c7f90000)
 Next Bits: [0x000001b4c7f90000, 0x000001b4caf20000)

Polling page: 0x000001b4aa660000

Metaspace:

Usage:
  Non-class:     14.00 MB capacity,    13.64 MB ( 97%) used,   308.77 KB (  2%) free+waste,    54.31 KB ( <1%) overhead. 
      Class:      2.06 MB capacity,     1.85 MB ( 90%) used,   187.34 KB (  9%) free+waste,    27.81 KB (  1%) overhead. 
       Both:     16.06 MB capacity,    15.49 MB ( 96%) used,   496.11 KB (  3%) free+waste,    82.13 KB ( <1%) overhead. 

Virtual space:
  Non-class space:       26.00 MB reserved,      14.00 MB ( 54%) committed 
      Class space:        1.00 GB reserved,       2.13 MB ( <1%) committed 
             Both:        1.03 GB reserved,      16.13 MB (  2%) committed 

Chunk freelists:
   Non-Class:  3.00 KB
       Class:  2.00 KB
        Both:  5.00 KB

MaxMetaspaceSize: 17179869184.00 GB
CompressedClassSpaceSize: 1.00 GB
Initial GC threshold: 20.80 MB
Current GC threshold: 21.12 MB
CDS: off

CodeHeap 'non-profiled nmethods': size=120064Kb used=553Kb max_used=553Kb free=119511Kb
 bounds [0x000001b4bc8c0000, 0x000001b4bcb30000, 0x000001b4c3e00000]
CodeHeap 'profiled nmethods': size=120000Kb used=2823Kb max_used=2823Kb free=117176Kb
 bounds [0x000001b4b5390000, 0x000001b4b5660000, 0x000001b4bc8c0000]
CodeHeap 'non-nmethods': size=5696Kb used=1145Kb max_used=1156Kb free=4550Kb
 bounds [0x000001b4b4e00000, 0x000001b4b5070000, 0x000001b4b5390000]
 total_blobs=1839 nmethods=1447 adapters=304
 compilation: enabled
              stopped_count=0, restarted_count=0
 full_count=0

Compilation events (20 events):
Event: 3.608 Thread 0x000001b4cd44b000 1443       3       java.util.Arrays$ArrayItr::hasNext (18 bytes)
Event: 3.609 Thread 0x000001b4cd44b000 nmethod 1443 0x000001b4b564d610 code [0x000001b4b564d7c0, 0x000001b4b564d938]
Event: 3.609 Thread 0x000001b4cd44b000 1444       3       net.bytebuddy.description.type.TypeDescription$Generic$AbstractBase::asGenericType (2 bytes)
Event: 3.609 Thread 0x000001b4cd44b000 nmethod 1444 0x000001b4b564da10 code [0x000001b4b564dbc0, 0x000001b4b564dcb8]
Event: 3.609 Thread 0x000001b4cd44b000 1445       3       net.bytebuddy.description.method.ParameterDescription$Latent::getType (17 bytes)
Event: 3.610 Thread 0x000001b4cd44b000 nmethod 1445 0x000001b4b564dd90 code [0x000001b4b564dfc0, 0x000001b4b564e8c8]
Event: 3.610 Thread 0x000001b4cd44b000 1446       3       net.bytebuddy.description.type.TypeDescription$Generic$Visitor$Substitutor$ForAttachment::of (25 bytes)
Event: 3.610 Thread 0x000001b4cd44b000 nmethod 1446 0x000001b4b564eb90 code [0x000001b4b564eda0, 0x000001b4b564f498]
Event: 3.610 Thread 0x000001b4cd44b000 1448       3       net.bytebuddy.matcher.FilterableList$AbstractBase::subList (7 bytes)
Event: 3.610 Thread 0x000001b4cd44b000 nmethod 1448 0x000001b4b564f710 code [0x000001b4b564f8e0, 0x000001b4b564fbd8]
Event: 3.610 Thread 0x000001b4cd44b000 1449       3       net.bytebuddy.matcher.FilterableList$AbstractBase::subList (11 bytes)
Event: 3.611 Thread 0x000001b4cd44b000 nmethod 1449 0x000001b4b564fd10 code [0x000001b4b564fee0, 0x000001b4b56500d8]
Event: 3.611 Thread 0x000001b4cd44b000 1450       3       java.util.AbstractList::subList (40 bytes)
Event: 3.611 Thread 0x000001b4cd44b000 nmethod 1450 0x000001b4b5650190 code [0x000001b4b56503a0, 0x000001b4b5650a48]
Event: 3.611 Thread 0x000001b4cd44b000 1447       3       net.bytebuddy.description.method.ParameterList$AbstractBase::<init> (5 bytes)
Event: 3.612 Thread 0x000001b4cd44b000 nmethod 1447 0x000001b4b5650c10 code [0x000001b4b5650de0, 0x000001b4b5651058]
Event: 3.624 Thread 0x000001b4cd44b000 1451       3       java.lang.Module::isExported (18 bytes)
Event: 3.625 Thread 0x000001b4cd44b000 nmethod 1451 0x000001b4b5651190 code [0x000001b4b5651380, 0x000001b4b5651788]
Event: 3.625 Thread 0x000001b4cd44b000 1452       3       java.util.HashMap::put (13 bytes)
Event: 3.625 Thread 0x000001b4cd44b000 nmethod 1452 0x000001b4b5651910 code [0x000001b4b5651ae0, 0x000001b4b5651dd8]

GC Heap History (8 events):
Event: 1.996 GC heap before
{Heap before GC invocations=0 (full 0):
 garbage-first heap   total 196608K, used 14336K [0x0000000741c00000, 0x0000000800000000)
  region size 1024K, 14 young (14336K), 0 survivors (0K)
 Metaspace       used 10008K, capacity 10249K, committed 10496K, reserved 1058816K
  class space    used 917K, capacity 995K, committed 1024K, reserved 1048576K
}
Event: 2.012 GC heap after
{Heap after GC invocations=1 (full 0):
 garbage-first heap   total 196608K, used 7188K [0x0000000741c00000, 0x0000000800000000)
  region size 1024K, 2 young (2048K), 2 survivors (2048K)
 Metaspace       used 10008K, capacity 10249K, committed 10496K, reserved 1058816K
  class space    used 917K, capacity 995K, committed 1024K, reserved 1048576K
}
Event: 2.304 GC heap before
{Heap before GC invocations=1 (full 0):
 garbage-first heap   total 196608K, used 15380K [0x0000000741c00000, 0x0000000800000000)
  region size 1024K, 10 young (10240K), 2 survivors (2048K)
 Metaspace       used 10990K, capacity 11264K, committed 11392K, reserved 1058816K
  class space    used 1052K, capacity 1125K, committed 1152K, reserved 1048576K
}
Event: 2.308 GC heap after
{Heap after GC invocations=2 (full 0):
 garbage-first heap   total 196608K, used 7534K [0x0000000741c00000, 0x0000000800000000)
  region size 1024K, 1 young (1024K), 1 survivors (1024K)
 Metaspace       used 10990K, capacity 11264K, committed 11392K, reserved 1058816K
  class space    used 1052K, capacity 1125K, committed 1152K, reserved 1048576K
}
Event: 3.525 GC heap before
{Heap before GC invocations=2 (full 0):
 garbage-first heap   total 196608K, used 32110K [0x0000000741c00000, 0x0000000800000000)
  region size 1024K, 25 young (25600K), 1 survivors (1024K)
 Metaspace       used 15419K, capacity 15957K, committed 16128K, reserved 1067008K
  class space    used 1822K, capacity 2012K, committed 2048K, reserved 1048576K
}
Event: 3.529 GC heap after
{Heap after GC invocations=3 (full 0):
 garbage-first heap   total 196608K, used 8553K [0x0000000741c00000, 0x0000000800000000)
  region size 1024K, 2 young (2048K), 2 survivors (2048K)
 Metaspace       used 15419K, capacity 15957K, committed 16128K, reserved 1067008K
  class space    used 1822K, capacity 2012K, committed 2048K, reserved 1048576K
}
Event: 3.629 GC heap before
{Heap before GC invocations=3 (full 0):
 garbage-first heap   total 196608K, used 10601K [0x0000000741c00000, 0x0000000800000000)
  region size 1024K, 5 young (5120K), 2 survivors (2048K)
 Metaspace       used 15864K, capacity 16443K, committed 16512K, reserved 1073152K
  class space    used 1894K, capacity 2110K, committed 2176K, reserved 1048576K
}
Event: 3.632 GC heap after
{Heap after GC invocations=4 (full 0):
 garbage-first heap   total 196608K, used 8600K [0x0000000741c00000, 0x0000000800000000)
  region size 1024K, 2 young (2048K), 2 survivors (2048K)
 Metaspace       used 15864K, capacity 16443K, committed 16512K, reserved 1073152K
  class space    used 1894K, capacity 2110K, committed 2176K, reserved 1048576K
}

Deoptimization events (20 events):
Event: 3.436 Thread 0x000001b4ac6aa800 Uncommon trap: trap_request=0xffffff4d fr.pc=0x000001b4bc900c54 relative=0x0000000000000094
Event: 3.436 Thread 0x000001b4ac6aa800 Uncommon trap: reason=unstable_if action=reinterpret pc=0x000001b4bc900c54 method=sun.reflect.generics.parser.SignatureParser.current()C @ 39 c2
Event: 3.436 Thread 0x000001b4ac6aa800 DEOPT PACKING pc=0x000001b4bc900c54 sp=0x0000009e7f0f70e0
Event: 3.436 Thread 0x000001b4ac6aa800 DEOPT UNPACKING pc=0x000001b4b4e4a1af sp=0x0000009e7f0f7078 mode 2
Event: 3.465 Thread 0x000001b4ac6aa800 Uncommon trap: trap_request=0xffffffc6 fr.pc=0x000001b4bc903af0 relative=0x0000000000000c30
Event: 3.465 Thread 0x000001b4ac6aa800 Uncommon trap: reason=bimorphic_or_optimized_type_check action=maybe_recompile pc=0x000001b4bc903af0 method=java.util.HashMap.putVal(ILjava/lang/Object;Ljava/lang/Object;ZZ)Ljava/lang/Object; @ 91 c2
Event: 3.465 Thread 0x000001b4ac6aa800 DEOPT PACKING pc=0x000001b4bc903af0 sp=0x0000009e7f0f8030
Event: 3.465 Thread 0x000001b4ac6aa800 DEOPT UNPACKING pc=0x000001b4b4e4a1af sp=0x0000009e7f0f7f68 mode 2
Event: 3.471 Thread 0x000001b4ac6aa800 Uncommon trap: trap_request=0xffffffc6 fr.pc=0x000001b4bc903af0 relative=0x0000000000000c30
Event: 3.471 Thread 0x000001b4ac6aa800 Uncommon trap: reason=bimorphic_or_optimized_type_check action=maybe_recompile pc=0x000001b4bc903af0 method=java.util.HashMap.putVal(ILjava/lang/Object;Ljava/lang/Object;ZZ)Ljava/lang/Object; @ 91 c2
Event: 3.471 Thread 0x000001b4ac6aa800 DEOPT PACKING pc=0x000001b4bc903af0 sp=0x0000009e7f0f8030
Event: 3.471 Thread 0x000001b4ac6aa800 DEOPT UNPACKING pc=0x000001b4b4e4a1af sp=0x0000009e7f0f7f68 mode 2
Event: 3.472 Thread 0x000001b4ac6aa800 Uncommon trap: trap_request=0xffffffc6 fr.pc=0x000001b4bc903af0 relative=0x0000000000000c30
Event: 3.472 Thread 0x000001b4ac6aa800 Uncommon trap: reason=bimorphic_or_optimized_type_check action=maybe_recompile pc=0x000001b4bc903af0 method=java.util.HashMap.putVal(ILjava/lang/Object;Ljava/lang/Object;ZZ)Ljava/lang/Object; @ 91 c2
Event: 3.472 Thread 0x000001b4ac6aa800 DEOPT PACKING pc=0x000001b4bc903af0 sp=0x0000009e7f0f8030
Event: 3.472 Thread 0x000001b4ac6aa800 DEOPT UNPACKING pc=0x000001b4b4e4a1af sp=0x0000009e7f0f7f68 mode 2
Event: 3.472 Thread 0x000001b4ac6aa800 Uncommon trap: trap_request=0xffffffc6 fr.pc=0x000001b4bc903af0 relative=0x0000000000000c30
Event: 3.472 Thread 0x000001b4ac6aa800 Uncommon trap: reason=bimorphic_or_optimized_type_check action=maybe_recompile pc=0x000001b4bc903af0 method=java.util.HashMap.putVal(ILjava/lang/Object;Ljava/lang/Object;ZZ)Ljava/lang/Object; @ 91 c2
Event: 3.472 Thread 0x000001b4ac6aa800 DEOPT PACKING pc=0x000001b4bc903af0 sp=0x0000009e7f0f8030
Event: 3.472 Thread 0x000001b4ac6aa800 DEOPT UNPACKING pc=0x000001b4b4e4a1af sp=0x0000009e7f0f7f68 mode 2

Classes redefined (0 events):
No events

Internal exceptions (20 events):
Event: 2.382 Thread 0x000001b4ac6aa800 Exception <a 'java/lang/IncompatibleClassChangeError'{0x000000074da5b2c0}: Found class java.lang.Object, but interface was expected> (0x000000074da5b2c0) thrown at [./src/hotspot/share/interpreter/linkResolver.cpp, line 839]
Event: 2.400 Thread 0x000001b4ac6aa800 Exception <a 'java/lang/IncompatibleClassChangeError'{0x000000074dace270}: Found class java.lang.Object, but interface was expected> (0x000000074dace270) thrown at [./src/hotspot/share/interpreter/linkResolver.cpp, line 839]
Event: 2.442 Thread 0x000001b4ac6aa800 Exception <a 'java/lang/NoSuchMethodError'{0x000000074d984630}: 'void java.lang.invoke.DirectMethodHandle$Holder.invokeSpecial(java.lang.Object, java.lang.Object, java.lang.Object, java.lang.Object, java.lang.Object)'> (0x000000074d984630) thrown at [./src/hotspot/share/interpreter/linkResolver.cpp, line 773]
Event: 2.474 Thread 0x000001b4ac6aa800 Exception <a 'java/lang/NoSuchMethodError'{0x000000074d9dc970}: 'void java.lang.invoke.DirectMethodHandle$Holder.invokeInterface(java.lang.Object, java.lang.Object, java.lang.Object, java.lang.Object)'> (0x000000074d9dc970) thrown at [./src/hotspot/share/interpreter/linkResolver.cpp, line 773]
Event: 2.475 Thread 0x000001b4ac6aa800 Exception <a 'java/lang/IncompatibleClassChangeError'{0x000000074d9df730}: Found class java.lang.Object, but interface was expected> (0x000000074d9df730) thrown at [./src/hotspot/share/interpreter/linkResolver.cpp, line 839]
Event: 2.483 Thread 0x000001b4ac6aa800 Exception <a 'java/lang/NoSuchMethodError'{0x000000074d9f4c80}: 'void java.lang.invoke.DirectMethodHandle$Holder.invokeStatic(java.lang.Object, java.lang.Object, java.lang.Object, java.lang.Object)'> (0x000000074d9f4c80) thrown at [./src/hotspot/share/interpreter/linkResolver.cpp, line 773]
Event: 2.491 Thread 0x000001b4ac6aa800 Exception <a 'java/lang/NoSuchMethodError'{0x000000074d811518}: 'java.lang.Object java.lang.invoke.Invokers$Holder.linkToTargetMethod(java.lang.Object, int, java.lang.Object)'> (0x000000074d811518) thrown at [./src/hotspot/share/interpreter/linkResolver.cpp, line 773]
Event: 2.542 Thread 0x000001b4ac6aa800 Exception <a 'java/lang/NoSuchMethodError'{0x000000074d736628}: 'int java.lang.invoke.DirectMethodHandle$Holder.invokeStatic(java.lang.Object, java.lang.Object, java.lang.Object, java.lang.Object, java.lang.Object)'> (0x000000074d736628) thrown at [./src/hotspot/share/interpreter/linkResolver.cpp, line 773]
Event: 2.564 Thread 0x000001b4ac6aa800 Exception <a 'java/lang/NoSuchMethodError'{0x000000074d7c32c8}: 'void java.lang.invoke.DirectMethodHandle$Holder.invokeStaticInit(java.lang.Object)'> (0x000000074d7c32c8) thrown at [./src/hotspot/share/interpreter/linkResolver.cpp, line 773]
Event: 2.571 Thread 0x000001b4ac6aa800 Exception <a 'java/lang/NoSuchMethodError'{0x000000074d7f20d8}: 'void java.lang.invoke.DirectMethodHandle$Holder.invokeSpecial(java.lang.Object, java.lang.Object)'> (0x000000074d7f20d8) thrown at [./src/hotspot/share/interpreter/linkResolver.cpp, line 773]
Event: 2.623 Thread 0x000001b4ac6aa800 Exception <a 'java/lang/NoSuchMethodError'{0x000000074d56bf98}: 'int java.lang.invoke.DirectMethodHandle$Holder.invokeStaticInit(java.lang.Object, java.lang.Object)'> (0x000000074d56bf98) thrown at [./src/hotspot/share/interpreter/linkResolver.cpp, line 773]
Event: 2.740 Thread 0x000001b4ac6aa800 Exception <a 'java/lang/NoSuchMethodError'{0x000000074d2e3f70}: 'void java.lang.invoke.DirectMethodHandle$Holder.invokeStatic(java.lang.Object, java.lang.Object, java.lang.Object, java.lang.Object, java.lang.Object)'> (0x000000074d2e3f70) thrown at [./src/hotspot/share/interpreter/linkResolver.cpp, line 773]
Event: 2.743 Thread 0x000001b4ac6aa800 Exception <a 'java/lang/NoSuchMethodError'{0x000000074d2f5648}: 'java.lang.Object java.lang.invoke.Invokers$Holder.linkToTargetMethod(java.lang.Object, java.lang.Object, java.lang.Object, java.lang.Object, java.lang.Object, java.lang.Object, java.lang.Object)'> (0x000000074d2f5648) thrown at [./src/hotspot/share/interpreter/linkResolver.cpp, line 773]
Event: 2.745 Thread 0x000001b4ac6aa800 Exception <a 'java/lang/NoSuchMethodError'{0x000000074d2fb358}: 'java.lang.Object java.lang.invoke.DirectMethodHandle$Holder.invokeInterface(java.lang.Object, java.lang.Object, java.lang.Object, java.lang.Object, java.lang.Object)'> (0x000000074d2fb358) thrown at [./src/hotspot/share/interpreter/linkResolver.cpp, line 773]
Event: 2.745 Thread 0x000001b4ac6aa800 Exception <a 'java/lang/IncompatibleClassChangeError'{0x000000074d2feab0}: Found class java.lang.Object, but interface was expected> (0x000000074d2feab0) thrown at [./src/hotspot/share/interpreter/linkResolver.cpp, line 839]
Event: 2.759 Thread 0x000001b4ac6aa800 Exception <a 'java/lang/NoSuchMethodError'{0x000000074d168070}: 'int java.lang.invoke.DirectMethodHandle$Holder.invokeInterface(java.lang.Object, java.lang.Object)'> (0x000000074d168070) thrown at [./src/hotspot/share/interpreter/linkResolver.cpp, line 773]
Event: 2.957 Thread 0x000001b4ac6aa800 Exception <a 'java/lang/NoSuchMethodError'{0x000000074cdf5298}: 'int java.lang.invoke.DirectMethodHandle$Holder.invokeStaticInit(java.lang.Object, java.lang.Object, java.lang.Object, java.lang.Object)'> (0x000000074cdf5298) thrown at [./src/hotspot/share/interpreter/linkResolver.cpp, line 773]
Event: 2.958 Thread 0x000001b4ac6aa800 Exception <a 'java/lang/IncompatibleClassChangeError'{0x000000074cdfe208}: Found class java.lang.Object, but interface was expected> (0x000000074cdfe208) thrown at [./src/hotspot/share/interpreter/linkResolver.cpp, line 839]
Event: 2.959 Thread 0x000001b4ac6aa800 Exception <a 'java/lang/NoSuchMethodError'{0x000000074cc019e8}: 'void java.lang.invoke.DirectMethodHandle$Holder.invokeStaticInit(java.lang.Object, java.lang.Object)'> (0x000000074cc019e8) thrown at [./src/hotspot/share/interpreter/linkResolver.cpp, line 773]
Event: 3.622 Thread 0x000001b4ac6aa800 Exception <a 'java/lang/ClassNotFoundException'{0x000000074d95eea0}: java/lang/ClassLoader$ByteBuddyAccessor$V1> (0x000000074d95eea0) thrown at [./src/hotspot/share/classfile/systemDictionary.cpp, line 230]

Events (20 events):
Event: 3.617 loading class net/bytebuddy/dynamic/DynamicType$Default done
Event: 3.619 loading class net/bytebuddy/dynamic/DynamicType$Loaded
Event: 3.619 loading class net/bytebuddy/dynamic/DynamicType$Loaded done
Event: 3.620 loading class net/bytebuddy/dynamic/loading/InjectionClassLoader
Event: 3.620 loading class net/bytebuddy/dynamic/loading/InjectionClassLoader done
Event: 3.620 loading class net/bytebuddy/dynamic/loading/ClassLoadingStrategy$ForUnsafeInjection
Event: 3.620 loading class net/bytebuddy/dynamic/loading/ClassLoadingStrategy$ForUnsafeInjection done
Event: 3.621 loading class net/bytebuddy/dynamic/DynamicType$Default$Loaded
Event: 3.621 loading class net/bytebuddy/dynamic/DynamicType$Default$Loaded done
Event: 3.622 loading class java/lang/ClassLoader$ByteBuddyAccessor$V1
Event: 3.622 loading class java/lang/ClassLoader$ByteBuddyAccessor$V1 done
Event: 3.623 loading class net/bytebuddy/dynamic/loading/ClassInjector$UsingReflection$System
Event: 3.623 loading class net/bytebuddy/dynamic/loading/ClassInjector$UsingReflection$System done
Event: 3.626 loading class org/mockito/internal/creation/bytebuddy/SubclassInjectionLoader$WithReflection
Event: 3.626 loading class org/mockito/internal/creation/bytebuddy/SubclassInjectionLoader$WithReflection done
Event: 3.627 loading class org/mockito/internal/creation/bytebuddy/TypeCachingBytecodeGenerator
Event: 3.627 loading class org/mockito/internal/creation/bytebuddy/TypeCachingBytecodeGenerator done
Event: 3.628 loading class net/bytebuddy/TypeCache
Event: 3.628 loading class net/bytebuddy/TypeCache done
Event: 3.629 Executing VM operation: CollectForMetadataAllocation


Dynamic libraries:
0x00007ff64add0000 - 0x00007ff64addd000 	C:\Program Files\Amazon Corretto\jdk11.0.16_9\bin\java.exe
0x00007fff22970000 - 0x00007fff22b68000 	C:\WINDOWS\SYSTEM32\ntdll.dll
0x00007fff20b30000 - 0x00007fff20bef000 	C:\WINDOWS\System32\KERNEL32.DLL
0x00007fff204b0000 - 0x00007fff207a6000 	C:\WINDOWS\System32\KERNELBASE.dll
0x00007fff20200000 - 0x00007fff20300000 	C:\WINDOWS\System32\ucrtbase.dll
0x00007fff13b80000 - 0x00007fff13b99000 	C:\Program Files\Amazon Corretto\jdk11.0.16_9\bin\VCRUNTIME140.dll
0x00007fff10640000 - 0x00007fff10657000 	C:\Program Files\Amazon Corretto\jdk11.0.16_9\bin\jli.dll
0x00007fff21910000 - 0x00007fff21aad000 	C:\WINDOWS\System32\USER32.dll
0x00007fff0f450000 - 0x00007fff0f6ea000 	C:\WINDOWS\WinSxS\amd64_microsoft.windows.common-controls_6595b64144ccf1df_6.0.19041.1110_none_60b5254171f9507e\COMCTL32.dll
0x00007fff207b0000 - 0x00007fff207d2000 	C:\WINDOWS\System32\win32u.dll
0x00007fff223f0000 - 0x00007fff2248e000 	C:\WINDOWS\System32\msvcrt.dll
0x00007fff218e0000 - 0x00007fff2190c000 	C:\WINDOWS\System32\GDI32.dll
0x00007fff20880000 - 0x00007fff20995000 	C:\WINDOWS\System32\gdi32full.dll
0x00007fff207e0000 - 0x00007fff2087d000 	C:\WINDOWS\System32\msvcp_win.dll
0x00007fff20a50000 - 0x00007fff20a80000 	C:\WINDOWS\System32\IMM32.DLL
0x00007ffefae30000 - 0x00007ffefaecb000 	C:\Program Files\Amazon Corretto\jdk11.0.16_9\bin\msvcp140.dll
0x00007ffee06f0000 - 0x00007ffee1274000 	C:\Program Files\Amazon Corretto\jdk11.0.16_9\bin\server\jvm.dll
0x00007fff20a80000 - 0x00007fff20b2f000 	C:\WINDOWS\System32\ADVAPI32.dll
0x00007fff209a0000 - 0x00007fff20a3c000 	C:\WINDOWS\System32\sechost.dll
0x00007fff21cd0000 - 0x00007fff21df6000 	C:\WINDOWS\System32\RPCRT4.dll
0x00007fff21e00000 - 0x00007fff21e08000 	C:\WINDOWS\System32\PSAPI.DLL
0x00007fff0f750000 - 0x00007fff0f777000 	C:\WINDOWS\SYSTEM32\WINMM.dll
0x00007fff0d240000 - 0x00007fff0d24a000 	C:\WINDOWS\SYSTEM32\VERSION.dll
0x00007fff1ea50000 - 0x00007fff1ea59000 	C:\WINDOWS\SYSTEM32\WSOCK32.dll
0x00007fff21e10000 - 0x00007fff21e7b000 	C:\WINDOWS\System32\ws2_32.DLL
0x00007fff1eb60000 - 0x00007fff1eb72000 	C:\WINDOWS\SYSTEM32\kernel.appcore.dll
0x00007fff1d340000 - 0x00007fff1d350000 	C:\Program Files\Amazon Corretto\jdk11.0.16_9\bin\verify.dll
0x00007fff1e500000 - 0x00007fff1e6e4000 	C:\WINDOWS\SYSTEM32\DBGHELP.DLL
0x00007fff0bb30000 - 0x00007fff0bb64000 	C:\WINDOWS\SYSTEM32\dbgcore.DLL
0x00007fff20300000 - 0x00007fff20382000 	C:\WINDOWS\System32\bcryptPrimitives.dll
0x00007fff06a30000 - 0x00007fff06a58000 	C:\Program Files\Amazon Corretto\jdk11.0.16_9\bin\java.dll
0x00007fff117e0000 - 0x00007fff117ea000 	C:\Program Files\Amazon Corretto\jdk11.0.16_9\bin\jimage.dll
0x00007fff1a280000 - 0x00007fff1a28e000 	C:\Program Files\Amazon Corretto\jdk11.0.16_9\bin\instrument.dll
0x00007fff0dcc0000 - 0x00007fff0dcd8000 	C:\Program Files\Amazon Corretto\jdk11.0.16_9\bin\zip.dll
0x00007fff21190000 - 0x00007fff218d4000 	C:\WINDOWS\System32\SHELL32.dll
0x00007fff1dca0000 - 0x00007fff1e434000 	C:\WINDOWS\SYSTEM32\windows.storage.dll
0x00007fff20dd0000 - 0x00007fff21124000 	C:\WINDOWS\System32\combase.dll
0x00007fff1f980000 - 0x00007fff1f9ae000 	C:\WINDOWS\SYSTEM32\Wldp.dll
0x00007fff20cc0000 - 0x00007fff20d6d000 	C:\WINDOWS\System32\SHCORE.dll
0x00007fff21130000 - 0x00007fff21185000 	C:\WINDOWS\System32\shlwapi.dll
0x00007fff1ff50000 - 0x00007fff1ff75000 	C:\WINDOWS\SYSTEM32\profapi.dll
0x00007fff06d90000 - 0x00007fff06da9000 	C:\Program Files\Amazon Corretto\jdk11.0.16_9\bin\net.dll
0x00007fff14270000 - 0x00007fff1437a000 	C:\WINDOWS\SYSTEM32\WINHTTP.dll
0x00007fff1f760000 - 0x00007fff1f7ca000 	C:\WINDOWS\system32\mswsock.dll
0x00007fff068a0000 - 0x00007fff068b3000 	C:\Program Files\Amazon Corretto\jdk11.0.16_9\bin\nio.dll
0x00007fff14640000 - 0x00007fff1465a000 	C:\Program Files\JetBrains\IntelliJ IDEA Community Edition 2022.2.3\bin\breakgen64.dll

dbghelp: loaded successfully - version: 4.0.5 - missing functions: none
symbol engine: initialized successfully - sym options: 0x614 - pdb path: .;C:\Program Files\Amazon Corretto\jdk11.0.16_9\bin;C:\WINDOWS\SYSTEM32;C:\WINDOWS\WinSxS\amd64_microsoft.windows.common-controls_6595b64144ccf1df_6.0.19041.1110_none_60b5254171f9507e;C:\Program Files\Amazon Corretto\jdk11.0.16_9\bin\server;C:\Program Files\JetBrains\IntelliJ IDEA Community Edition 2022.2.3\bin

VM Arguments:
jvm_args: -ea -Dspring.profiles.active=test -Didea.test.cyclic.buffer.size=1048576 -javaagent:C:\Program Files\JetBrains\IntelliJ IDEA Community Edition 2022.2.3\lib\idea_rt.jar=50092:C:\Program Files\JetBrains\IntelliJ IDEA Community Edition 2022.2.3\bin -Dfile.encoding=UTF-8 
java_command: com.intellij.rt.junit.JUnitStarter -ideVersion5 -junit5 ru.practicum.shareit.user.UserServiceImplTest,updateByNameAndReturn
java_class_path (initial): C:\Users\Sergei\.m2\repository\org\junit\platform\junit-platform-launcher\1.8.2\junit-platform-launcher-1.8.2.jar;C:\Program Files\JetBrains\IntelliJ IDEA Community Edition 2022.2.3\lib\idea_rt.jar;C:\Program Files\JetBrains\IntelliJ IDEA Community Edition 2022.2.3\plugins\junit\lib\junit5-rt.jar;C:\Program Files\JetBrains\IntelliJ IDEA Community Edition 2022.2.3\plugins\junit\lib\junit-rt.jar;C:\Users\Sergei\dev\java-shareit\server\target\test-classes;C:\Users\Sergei\dev\java-shareit\server\target\classes;C:\Users\Sergei\.m2\repository\org\springframework\boot\spring-boot-starter-data-jpa\2.7.2\spring-boot-starter-data-jpa-2.7.2.jar;C:\Users\Sergei\.m2\repository\org\springframework\boot\spring-boot-starter-aop\2.7.2\spring-boot-starter-aop-2.7.2.jar;C:\Users\Sergei\.m2\repository\org\springframework\spring-aop\5.3.22\spring-aop-5.3.22.jar;C:\Users\Sergei\.m2\repository\org\aspectj\aspectjweaver\1.9.7\aspectjweaver-1.9.7.jar;C:\Users\Sergei\.m2\repository\org\springframework\boot\spring-boot-starter-jdbc\2.7.2\spring-boot-starter-jdbc-2.7.2.jar;C:\Users\Sergei\.m2\repository\com\zaxxer\HikariCP\4.0.3\HikariCP-4.0.3.jar;C:\Users\Sergei\.m2\repository\org\springframework\spring-jdbc\5.3.22\spring-jdbc-5.3.22.jar;C:\Users\Sergei\.m2\repository\jakarta\transaction\jakarta.transaction-api\1.3.3\jakarta.transaction-api-1.3.3.jar;C:\Users\Sergei\.m2\repository\jakarta\persistence\jakarta.persistence-api\2.2.3\jakarta.persistence-api-2.2.3.jar;C:\Users\Sergei\.m2\repository\org\hibernate\hibernate-core\5.6.10.Final\hibernate-core-5.6.10.Final.jar;C:\Users\Sergei\.m2\repository\org\jboss\logging\jboss-logging\3.4.3.Final\jboss-logging-3.4.3.Final.jar;C:\Users\Sergei\.m2\repository\net\bytebuddy\byte-buddy\1.12.12\byte-buddy-1.12.12.jar;C:\Users\Sergei\.m2\repository\antlr\antlr\2.7.7\antlr-2.7.7.jar;C:\Users\Sergei\.m2\repository\org\jboss\jandex\2.4.2.Final\jandex-2.4.2.Final.jar;C:\Users\Sergei\.m2\repository\com\fasterxml\classmate\1.5.1\clas
Launcher Type: SUN_STANDARD

[Global flags]
     intx CICompilerCount                          = 3                                         {product} {ergonomic}
     uint ConcGCThreads                            = 1                                         {product} {ergonomic}
     uint G1ConcRefinementThreads                  = 4                                         {product} {ergonomic}
   size_t G1HeapRegionSize                         = 1048576                                   {product} {ergonomic}
    uintx GCDrainStackTargetSize                   = 64                                        {product} {ergonomic}
   size_t InitialHeapSize                          = 201326592                                 {product} {ergonomic}
   size_t MarkStackSize                            = 4194304                                   {product} {ergonomic}
   size_t MaxHeapSize                              = 3191865344                                {product} {ergonomic}
   size_t MaxNewSize                               = 1914699776                                {product} {ergonomic}
   size_t MinHeapDeltaBytes                        = 1048576                                   {product} {ergonomic}
    uintx NonNMethodCodeHeapSize                   = 5830732                                {pd product} {ergonomic}
    uintx NonProfiledCodeHeapSize                  = 122913754                              {pd product} {ergonomic}
    uintx ProfiledCodeHeapSize                     = 122913754                              {pd product} {ergonomic}
    uintx ReservedCodeCacheSize                    = 251658240                              {pd product} {ergonomic}
     bool SegmentedCodeCache                       = true                                      {product} {ergonomic}
     bool UseCompressedClassPointers               = true                                 {lp64_product} {ergonomic}
     bool UseCompressedOops                        = true                                 {lp64_product} {ergonomic}
     bool UseG1GC                                  = true                                      {product} {ergonomic}
     bool UseLargePagesIndividualAllocation        = false                                  {pd product} {ergonomic}

Logging:
Log output configuration:
 #0: stdout all=warning uptime,level,tags
 #1: stderr all=off uptime,level,tags

Environment Variables:
JAVA_HOME=C:\Program Files\Amazon Corretto\jdk11.0.16_9
PATH=C:\Program Files\Amazon Corretto\jdk11.0.16_9\bin;C:\WINDOWS\system32;C:\WINDOWS;C:\WINDOWS\System32\Wbem;C:\WINDOWS\System32\WindowsPowerShell\v1.0\;C:\WINDOWS\System32\OpenSSH\;C:\Program Files (x86)\dotnet\;C:\Program Files\Git\cmd;C:\Program Files\Amazon Corretto\jdk11.0.16_9\bin;;C:\Program Files\Docker\Docker\resources\bin;C:\Users\Sergei\AppData\Local\Microsoft\WindowsApps;;C:\Program Files\JetBrains\PyCharm Community Edition 2022.1.2\bin;
USERNAME=Sergei
OS=Windows_NT
PROCESSOR_IDENTIFIER=Intel64 Family 6 Model 69 Stepping 1, GenuineIntel
TMP=C:\Users\Sergei\AppData\Local\Temp
TEMP=C:\Users\Sergei\AppData\Local\Temp



---------------  S Y S T E M  ---------------

OS: Windows 10 , 64 bit Build 19041 (10.0.19041.3155)
OS uptime: 7 days 19:29 hours
Hyper-V role detected

CPU:total 4 (initial active 4) (2 cores per cpu, 2 threads per core) family 6 model 69 stepping 1 microcode 0x25, cmov, cx8, fxsr, mmx, sse, sse2, sse3, ssse3, sse4.1, sse4.2, popcnt, avx, avx2, aes, clmul, erms, lzcnt, ht, tsc, tscinvbit, bmi1, bmi2, fma

Memory: 4k page, system-wide physical 12171M (1394M free)
TotalPageFile size 15871M (AvailPageFile size 3M)
current process WorkingSet (physical memory assigned to process): 105M, peak: 105M
current process commit charge ("private bytes"): 297M, peak: 298M

vm_info: OpenJDK 64-Bit Server VM (11.0.16.1+9-LTS) for windows-amd64 JRE (11.0.16.1+9-LTS), built on Aug 12 2022 20:01:58 by "Administrator" with MS VC++ 15.9 (VS2017)

END.
